TN:
SF:src\modules\users\services\AuthenticateUser\AuthenticaUserServiceValidator.ts
FN:9,(anonymous_18)
FN:10,AuthenticateUserServiceValidator
FN:17,(anonymous_20)
FN:22,(anonymous_23)
FN:30,(anonymous_26)
FNF:5
FNH:0
FNDA:0,(anonymous_18)
FNDA:0,AuthenticateUserServiceValidator
FNDA:0,(anonymous_20)
FNDA:0,(anonymous_23)
FNDA:0,(anonymous_26)
DA:1,0
DA:2,0
DA:5,0
DA:9,0
DA:12,0
DA:14,0
DA:17,0
DA:18,0
DA:19,0
DA:22,0
DA:23,0
DA:25,0
DA:26,0
DA:30,0
DA:31,0
DA:43,0
DA:45,0
DA:47,0
LF:18
LH:0
BRDA:18,0,0,0
BRDA:23,1,0,0
BRDA:25,2,0,0
BRDA:25,2,1,0
BRF:4
BRH:0
end_of_record
TN:
SF:src\modules\users\services\AuthenticateUser\AuthenticateUserService.ts
FN:22,(anonymous_20)
FN:24,AuthenticateUserService
FN:33,(anonymous_22)
FNF:3
FNH:0
FNDA:0,(anonymous_20)
FNDA:0,AuthenticateUserService
FNDA:0,(anonymous_22)
DA:2,0
DA:4,0
DA:9,0
DA:22,0
DA:26,0
DA:28,0
DA:30,0
DA:33,0
DA:34,0
DA:36,0
DA:38,0
DA:39,0
DA:42,0
DA:44,0
DA:49,0
DA:54,0
DA:56,0
LF:17
LH:0
BRDA:34,0,0,0
BRDA:38,1,0,0
BRDA:38,1,1,0
BRF:3
BRH:0
end_of_record
TN:
SF:src\modules\users\services\CreateUser\CreateUserService.ts
FN:9,(anonymous_17)
FN:10,CreateUserService
FN:17,(anonymous_19)
FNF:3
FNH:3
FNDA:1,(anonymous_17)
FNDA:1,CreateUserService
FNDA:1,(anonymous_19)
DA:1,1
DA:9,1
DA:12,1
DA:14,1
DA:17,1
DA:19,1
DA:21,1
DA:27,1
DA:29,1
DA:31,1
LF:10
LH:10
BRDA:19,0,0,1
BRF:1
BRH:1
end_of_record
TN:
SF:src\modules\users\services\CreateUser\CreateUserServiceValidator.ts
FN:9,(anonymous_18)
FN:10,CreateUserServiceValidator
FN:17,(anonymous_20)
FN:22,(anonymous_23)
FN:30,(anonymous_26)
FNF:5
FNH:5
FNDA:1,(anonymous_18)
FNDA:4,CreateUserServiceValidator
FNDA:4,(anonymous_20)
FNDA:2,(anonymous_23)
FNDA:4,(anonymous_26)
DA:1,1
DA:2,1
DA:5,1
DA:9,1
DA:12,4
DA:14,4
DA:17,4
DA:18,8
DA:19,4
DA:22,2
DA:23,2
DA:25,2
DA:26,1
DA:30,4
DA:31,4
DA:51,4
DA:53,1
DA:55,1
LF:18
LH:18
BRDA:18,0,0,4
BRDA:23,1,0,2
BRDA:25,2,0,1
BRDA:25,2,1,1
BRF:4
BRH:4
end_of_record
